Determining if the pthread_create exist failed with the following output:
Change Dir: /home/xib008/workspace/X-ray-project/featuredetection/build/CMakeFiles/CMakeTmp

Run Build Command:"/usr/bin/make" "cmTC_5860e/fast"
/usr/bin/make -f CMakeFiles/cmTC_5860e.dir/build.make CMakeFiles/cmTC_5860e.dir/build
make[1]: Entering directory '/home/xib008/workspace/X-ray-project/featuredetection/build/CMakeFiles/CMakeTmp'
Building C object CMakeFiles/cmTC_5860e.dir/CheckSymbolExists.c.o
/usr/bin/cc     -o CMakeFiles/cmTC_5860e.dir/CheckSymbolExists.c.o   -c /home/xib008/workspace/X-ray-project/featuredetection/build/CMakeFiles/CMakeTmp/CheckSymbolExists.c
Linking C executable cmTC_5860e
/usr/bin/cmake -E cmake_link_script CMakeFiles/cmTC_5860e.dir/link.txt --verbose=1
/usr/bin/cc       CMakeFiles/cmTC_5860e.dir/CheckSymbolExists.c.o  -o cmTC_5860e -rdynamic 
CMakeFiles/cmTC_5860e.dir/CheckSymbolExists.c.o: In function `main':
CheckSymbolExists.c:(.text+0x16): undefined reference to `pthread_create'
collect2: error: ld returned 1 exit status
CMakeFiles/cmTC_5860e.dir/build.make:97: recipe for target 'cmTC_5860e' failed
make[1]: *** [cmTC_5860e] Error 1
make[1]: Leaving directory '/home/xib008/workspace/X-ray-project/featuredetection/build/CMakeFiles/CMakeTmp'
Makefile:126: recipe for target 'cmTC_5860e/fast' failed
make: *** [cmTC_5860e/fast] Error 2

File /home/xib008/workspace/X-ray-project/featuredetection/build/CMakeFiles/CMakeTmp/CheckSymbolExists.c:
/* */
#include <pthread.h>

int main(int argc, char** argv)
{
  (void)argv;
#ifndef pthread_create
  return ((int*)(&pthread_create))[argc];
#else
  (void)argc;
  return 0;
#endif
}

Determining if the function pthread_create exists in the pthreads failed with the following output:
Change Dir: /home/xib008/workspace/X-ray-project/featuredetection/build/CMakeFiles/CMakeTmp

Run Build Command:"/usr/bin/make" "cmTC_6ee37/fast"
/usr/bin/make -f CMakeFiles/cmTC_6ee37.dir/build.make CMakeFiles/cmTC_6ee37.dir/build
make[1]: Entering directory '/home/xib008/workspace/X-ray-project/featuredetection/build/CMakeFiles/CMakeTmp'
Building C object CMakeFiles/cmTC_6ee37.dir/CheckFunctionExists.c.o
/usr/bin/cc    -DCHECK_FUNCTION_EXISTS=pthread_create   -o CMakeFiles/cmTC_6ee37.dir/CheckFunctionExists.c.o   -c /usr/share/cmake-3.5/Modules/CheckFunctionExists.c
Linking C executable cmTC_6ee37
/usr/bin/cmake -E cmake_link_script CMakeFiles/cmTC_6ee37.dir/link.txt --verbose=1
/usr/bin/cc   -DCHECK_FUNCTION_EXISTS=pthread_create    CMakeFiles/cmTC_6ee37.dir/CheckFunctionExists.c.o  -o cmTC_6ee37 -rdynamic -lpthreads 
/usr/bin/ld: cannot find -lpthreads
collect2: error: ld returned 1 exit status
CMakeFiles/cmTC_6ee37.dir/build.make:97: recipe for target 'cmTC_6ee37' failed
make[1]: *** [cmTC_6ee37] Error 1
make[1]: Leaving directory '/home/xib008/workspace/X-ray-project/featuredetection/build/CMakeFiles/CMakeTmp'
Makefile:126: recipe for target 'cmTC_6ee37/fast' failed
make: *** [cmTC_6ee37/fast] Error 2


