Determining if the pthread_create exist failed with the following output:
Change Dir: /home/xib008/workspace/X-ray-project/featuredetection/trial/build/CMakeFiles/CMakeTmp

Run Build Command:"/usr/bin/make" "cmTC_fb85d/fast"
/usr/bin/make -f CMakeFiles/cmTC_fb85d.dir/build.make CMakeFiles/cmTC_fb85d.dir/build
make[1]: Entering directory '/home/xib008/workspace/X-ray-project/featuredetection/trial/build/CMakeFiles/CMakeTmp'
Building C object CMakeFiles/cmTC_fb85d.dir/CheckSymbolExists.c.o
/usr/bin/cc     -o CMakeFiles/cmTC_fb85d.dir/CheckSymbolExists.c.o   -c /home/xib008/workspace/X-ray-project/featuredetection/trial/build/CMakeFiles/CMakeTmp/CheckSymbolExists.c
Linking C executable cmTC_fb85d
/usr/bin/cmake -E cmake_link_script CMakeFiles/cmTC_fb85d.dir/link.txt --verbose=1
/usr/bin/cc       CMakeFiles/cmTC_fb85d.dir/CheckSymbolExists.c.o  -o cmTC_fb85d -rdynamic 
CMakeFiles/cmTC_fb85d.dir/CheckSymbolExists.c.o: In function `main':
CheckSymbolExists.c:(.text+0x16): undefined reference to `pthread_create'
collect2: error: ld returned 1 exit status
CMakeFiles/cmTC_fb85d.dir/build.make:97: recipe for target 'cmTC_fb85d' failed
make[1]: *** [cmTC_fb85d] Error 1
make[1]: Leaving directory '/home/xib008/workspace/X-ray-project/featuredetection/trial/build/CMakeFiles/CMakeTmp'
Makefile:126: recipe for target 'cmTC_fb85d/fast' failed
make: *** [cmTC_fb85d/fast] Error 2

File /home/xib008/workspace/X-ray-project/featuredetection/trial/build/CMakeFiles/CMakeTmp/CheckSymbolExists.c:
/* */
#include <pthread.h>

int main(int argc, char** argv)
{
  (void)argv;
#ifndef pthread_create
  return ((int*)(&pthread_create))[argc];
#else
  (void)argc;
  return 0;
#endif
}

Determining if the function pthread_create exists in the pthreads failed with the following output:
Change Dir: /home/xib008/workspace/X-ray-project/featuredetection/trial/build/CMakeFiles/CMakeTmp

Run Build Command:"/usr/bin/make" "cmTC_586a5/fast"
/usr/bin/make -f CMakeFiles/cmTC_586a5.dir/build.make CMakeFiles/cmTC_586a5.dir/build
make[1]: Entering directory '/home/xib008/workspace/X-ray-project/featuredetection/trial/build/CMakeFiles/CMakeTmp'
Building C object CMakeFiles/cmTC_586a5.dir/CheckFunctionExists.c.o
/usr/bin/cc    -DCHECK_FUNCTION_EXISTS=pthread_create   -o CMakeFiles/cmTC_586a5.dir/CheckFunctionExists.c.o   -c /usr/share/cmake-3.5/Modules/CheckFunctionExists.c
Linking C executable cmTC_586a5
/usr/bin/cmake -E cmake_link_script CMakeFiles/cmTC_586a5.dir/link.txt --verbose=1
/usr/bin/cc   -DCHECK_FUNCTION_EXISTS=pthread_create    CMakeFiles/cmTC_586a5.dir/CheckFunctionExists.c.o  -o cmTC_586a5 -rdynamic -lpthreads 
/usr/bin/ld: cannot find -lpthreads
collect2: error: ld returned 1 exit status
CMakeFiles/cmTC_586a5.dir/build.make:97: recipe for target 'cmTC_586a5' failed
make[1]: *** [cmTC_586a5] Error 1
make[1]: Leaving directory '/home/xib008/workspace/X-ray-project/featuredetection/trial/build/CMakeFiles/CMakeTmp'
Makefile:126: recipe for target 'cmTC_586a5/fast' failed
make: *** [cmTC_586a5/fast] Error 2


